18:51:40.327 [Task worker Thread 2] INFO  o.a.AndroidAnnotationProcessor:83 - Initialize AndroidAnnotations 3.3.2 with options {androidManifestFile=/Users/dongyuangui/GITHUB/zaixianbanli/app/build/intermediates/manifests/full/debug/AndroidManifest.xml, resourcePackageName=qfpay.wxshop}
18:51:40.406 [Task worker Thread 2] INFO  o.a.AndroidAnnotationProcessor:107 - Start processing for 30 annotations on 718 elements
18:51:40.602 [Task worker Thread 2] DEBUG o.a.h.AndroidManifestFinder:98 - AndroidManifest.xml file found with specified path: /Users/dongyuangui/GITHUB/zaixianbanli/app/build/intermediates/manifests/full/debug/AndroidManifest.xml
18:51:40.782 [Task worker Thread 2] WARN  o.a.h.AndroidManifestFinder:252 - A class activity declared in the AndroidManifest.xml cannot be found in the compile path: [cn.sharesdk.framework.ShareSDKUIShell]
18:51:40.788 [Task worker Thread 2] WARN  o.a.h.AndroidManifestFinder:252 - A class activity declared in the AndroidManifest.xml cannot be found in the compile path: [com.easemob.chat.EMChatService]
18:51:40.803 [Task worker Thread 2] INFO  o.a.AndroidAnnotationProcessor:170 - AndroidManifest.xml found: AndroidManifest [applicationPackage=qfpay.wxshop, componentQualifiedNames=[qfpay.wxshop.ui.main.WelcomeActivity_, qfpay.wxshop.ui.main.MainActivity_, qfpay.wxshop.ui.web.CommonWebActivity_, qfpay.wxshop.ui.web.WebActivity_, qfpay.wxshop.ui.web.huoyuan.CommonWebActivityHuoyuan_, qfpay.wxshop.activity.OnekeybehalfWhatisActivty_, qfpay.wxshop.ui.commodity.detailmanager.ItemDetailManagerActivity_, qfpay.wxshop.ui.commodity.detailmanager.ItemDetailDescriptionEditActivity_, qfpay.wxshop.ui.commodity.detailmanager.ItemDetailSkuEditActivity_, qfpay.wxshop.ui.commodity.EdititemDoneActivity_, qfpay.wxshop.activity.ManagePreViewActivity_, qfpay.wxshop.activity.ShopHeaderPhotoPickerActivity_, qfpay.wxshop.activity.ShopHeaderPreviewActivity_, qfpay.wxshop.ui.main.MoreActivity_, qfpay.wxshop.activity.menu.MyInComeActivity, qfpay.wxshop.ui.presonalinfo.ShopInfoActivity_, qfpay.wxshop.activity.NoticeCenterActivity_, qfpay.wxshop.ui.customergallery.CustomerGalleryActivity_, qfpay.wxshop.ui.lovelycard.LovelyCardEditActivity_, qfpay.wxshop.ui.lovelycard.LovelyCardCommentActivity_, com.igexin.sdk.PushActivity, com.igexin.getuiext.activity.GetuiExtActivity, qfpay.wxshop.activity.NewIntroductionActivity, com.loveplusplus.demo.image.ImagePagerActivity, qfpay.wxshop.activity.EditAdvertisementActivity_, qfpay.wxshop.activity.ShopNameEditActivity_, qfpay.wxshop.activity.WeixinEditActivity_, qfpay.wxshop.activity.CopyUrlGuideActivity_, qfpay.wxshop.ui.selectpic.ImageGridActivity, qfpay.wxshop.ui.selectpic.AlbumActivity, qfpay.wxshop.activity.FunctionNoticeActivity, qfpay.wxshop.activity.MaijiaxiuEmptyActivity_, qfpay.wxshop.ui.buyersshow.BuyersShowReleaseActivity_, qfpay.wxshop.ui.buyersshow.GoodsListForBuyersShowActivity_, qfpay.wxshop.activity.ManPromoActivity_, qfpay.wxshop.activity.ManPromoSuccessActivity_, qfpay.wxshop.activity.share.ShareActivity, qfpay.wxshop.activity.GeneralWebViewActivity, qfpay.wxshop.activity.ChangePwdActivity, qfpay.wxshop.activity.ChangeBankCardInfoActivity, qfpay.wxshop.activity.InputShopNameActivity, qfpay.wxshop.activity.LoginActivity, qfpay.wxshop.activity.LoginPreviewActivity, qfpay.wxshop.activity.RegBankAccountActivity_, qfpay.wxshop.activity.BankPickerActivity_, qfpay.wxshop.activity.RegStep1Activity_, qfpay.wxshop.activity.RegCompleteActivity, qfpay.wxshop.activity.ShowBankInfoActivity, qfpay.wxshop.activity.menu.WeiXinCollectMoney, qfpay.wxshop.ui.presonalinfo.ShopInfoActivity, qfpay.wxshop.activity.SelectPicActivity_, qfpay.wxshop.activity.OtherShopViewActivity, qfpay.wxshop.activity.SSNPublishActivity_, qfpay.wxshop.activity.SSNEditActivity_, qfpay.wxshop.ui.BusinessCommunity.MyTopicDetailActivity_, qfpay.wxshop.ui.BusinessCommunity.MyDynamicOneNoteDetailActivity_, qfpay.wxshop.ui.BusinessCommunity.PublishNoteActivity_, qfpay.wxshop.ui.BusinessCommunity.MyNotificationListActivity_, qfpay.wxshop.ui.BusinessCommunity.AllTopicListActivity_, qfpay.wxshop.ui.BusinessCommunity.ShopDetailActivity_, qfpay.wxshop.activity.LabelActivity_, qfpay.wxshop.activity.OfficialGoodIsWhatActivity_, qfpay.wxshop.activity.WeixinQmmActivity, qfpay.wxshop.activity.HuoyuanQmmActivity_, qfpay.wxshop.share.WXEntryActivity, com.tencent.tauth.AuthActivity, com.tencent.connect.common.AssistActivity, qfpay.wxshop.getui.StartAlarmService, com.igexin.sdk.PushService, com.igexin.download.DownloadService, com.igexin.getuiext.service.GetuiExtService, qfpay.wxshop.getui.RestartReceiver, qfpay.wxshop.config.update.InstalledReceiver, qfpay.wxshop.getui.PushReceiver, com.igexin.sdk.PushReceiver, com.igexin.sdk.PushManagerReceiver, com.igexin.download.DownloadReceiver, com.igexin.getuiext.service.PayloadReceiver, qfpay.wxshop.getui.LaunchReceiver, qfpay.wxshop.getui.AlarmReceiver, com.igexin.download.DownloadProvider], permissionQualifiedNames=[android.permission.ACCESS_FINE_LOCATION, android.permission.WAKE_LOCK, getui.permission.GetuiService.qfpay.wxshop, android.permission.INTERNET, android.permission.RECEIVE_BOOT_COMPLETED, android.permission.WRITE_SETTINGS, android.permission.VIBRATE, android.permission.ACCESS_DOWNLOAD_MANAGER, android.permission.DOWNLOAD_WITHOUT_NOTIFICATION, android.permission.SYSTEM_ALERT_WINDOW, android.permission.DISABLE_KEYGUARD, android.permission.ACCESS_COARSE_LOCATION, android.permission.GET_TASKS, android.permission.ACCESS_WIFI_STATE, android.permission.ACCESS_NETWORK_STATE, android.permission.CHANGE_WIFI_STATE, android.permission.WRITE_EXTERNAL_STORAGE, android.permission.READ_PHONE_STATE, android.permission.MANAGE_ACCOUNTS, android.permission.GET_ACCOUNTS, com.android.launcher.permission.INSTALL_SHORTCUT, android.permission.CAMERA, android.permission.CALL_PHONE, android.permission.VIBRATE, android.permission.INTERNET, android.permission.RECORD_AUDIO, android.permission.CAMERA, android.permission.ACCESS_NETWORK_STATE, android.permission.ACCESS_MOCK_LOCATION, android.permission.WRITE_EXTERNAL_STORAGE, android.permission.MOUNT_UNMOUNT_FILESYSTEMS, android.permission.ACCESS_FINE_LOCATION, android.permission.GET_TASKS, android.permission.ACCESS_WIFI_STATE, android.permission.CHANGE_WIFI_STATE, android.permission.WAKE_LOCK, android.permission.MODIFY_AUDIO_SETTINGS, android.permission.READ_PHONE_STATE], applicationClassName=qfpay.wxshop.WxShopApplication_, libraryProject=false, debugabble=false, minSdkVersion=10, maxSdkVersion=-1, targetSdkVersion=21]
18:51:40.804 [Task worker Thread 2] INFO  o.a.r.ProjectRClassFinder:50 - Found project R class: qfpay.wxshop.R
18:51:40.836 [Task worker Thread 2] INFO  o.a.r.AndroidRClassFinder:44 - Found Android class: android.R
18:51:40.882 [Task worker Thread 2] INFO  o.a.p.ModelValidator:42 - Validating elements
18:51:40.882 [Task worker Thread 2] DEBUG o.a.p.ModelValidator:62 - Validating with EApplicationHandler: [qfpay.wxshop.app.dependencies.RepositoryModule, provideSessionId(), provideUserAgent(), provideEndPoint(), provideIsTesting(), provideRequestInterceptor(java.lang.String,java.lang.String), sessionId, userAgent, provideRequestInterceptor(), provideMMRetrofitCreator(java.lang.String,RequestInterceptor,ErrorHandler,boolean), endPoint, isTesting, provideApiClient(qfpay.wxshop.data.repository.api.retrofit.setting.MMRetrofitCreator,qfpay.wxshop.data.repository.api.CommodityDataMapper), provideCommodityDataMapper(), provideCommodityRepository(qfpay.wxshop.data.repository.api.CommodityApiClient), qfpay.wxshop.app.dependencies.RootModule, provideApplicationContext(), provideLayoutInflater(), getMyDynamicNotesList(java.lang.String), last_fid, getMyDynamicNotesListFirstTime(), getOneTopicNotesList(java.lang.String,java.lang.String), g_id, last_fid, getOneTopicNotesListFirstTime(java.lang.String), g_id, getReplyAndLikeOfOneNote(java.lang.String), t_id, setPraiseState(java.lang.String,java.lang.String), id, flag, publishOneNote(java.lang.String,java.lang.String,java.lang.String), g_id, content, img, publishOneNoteNoImg(java.lang.String,java.lang.String), g_id, content, publishReply(java.lang.String,java.lang.String), t_id, content, getMyTopicList(java.lang.String), u_id, getALlTopicList(), getAboutMyNotification(), getShopIdByUserId(java.lang.String), user_id, noteReport(java.lang.String), t_id, getDiscoveryData(), getDiscoveryMoreTopic(java.lang.String), topic, getDiscoveryMoreGroup(java.lang.String), group, putHM(java.util.Map<java.lang.String,java.lang.String>), params, postHM(java.util.Map<java.lang.String,java.lang.String>), params, deleteHM(java.lang.String), id, getHM(java.lang.String), type, getGoodList(), collectData(java.lang.String,java.lang.String,java.lang.String,java.lang.String,java.lang.String,java.lang.String), os, app, userid, type, time, version, getCommodityList(java.lang.Integer,java.lang.Integer,java.lang.Integer,java.lang.String), page, length, fixnum, format, deleteCommodity(java.lang.Integer), id, topGoods(java.lang.String,java.lang.String), id, weight, cancelPromotion(int,int), goodid, panicid, getGoodInfo(int), id, renewShopBG(java.lang.String), imgUrl, newItemSave(java.util.Map<java.lang.String,java.lang.String>), params, editItemSave(java.util.Map<java.lang.String,java.lang.String>), params, bindHDImg(java.lang.String,java.lang.String), url, goodid, getLC(), createLC(java.lang.String,java.lang.String,java.lang.String,java.lang.String,java.lang.String), name, bgimg, descr, tags, shopid, updateLC(java.lang.String,java.lang.String,java.lang.String,java.lang.String), name, bgimg, descr, tags, getCommentList(java.lang.String,int,int), shopid, start, len, newItem(java.lang.String,java.lang.String,float,java.lang.String,java.lang.String), name, description, postage, skuList, pictureList, editItem(int,java.lang.String,java.lang.String,float,java.lang.String,java.lang.String), id, name, description, postage, skuList, pictureList, getItem(int), id, mRepository, qfpay.wxshop.WxShopApplication]
18:51:40.887 [Task worker Thread 2] ERROR o.a.h.AnnotationHelper:135 - @org.androidannotations.annotations.EApplication can only be used on an element that extends android.app.Application
18:51:40.888 [Task worker Thread 2] ERROR o.a.h.AnnotationHelper:135 - The component qfpay.wxshop.app.dependencies.RepositoryModule_ is not registered in the AndroidManifest.xml file.
18:51:40.888 [Task worker Thread 2] WARN  o.a.p.ModelValidator:69 - Element EApplicationHandler unvalidated by 
18:51:41.212 [Task worker Thread 2] ERROR o.a.AndroidAnnotationProcessor:267 - Something went wrong: Unexpected error in AndroidAnnotations 3.3.2!
You should check if there is already an issue about it on https://github.com/excilys/androidannotations/search?q=java.lang.ClassCastException&type=Issues
If none exists, please open a new one with the following content and tell us if you can reproduce it or not. Don't forget to give us as much information as you can (like parts of your code in failure).
Java version: javac 1.8.0_65
Javac processors options: androidManifestFile=/Users/dongyuangui/GITHUB/zaixianbanli/app/build/intermediates/manifests/full/debug/AndroidManifest.xml, resourcePackageName=qfpay.wxshop
Stacktrace: java.lang.ClassCastException: com.sun.tools.javac.code.Symbol$MethodSymbol cannot be cast to javax.lang.model.element.TypeElement
	at org.androidannotations.handler.BaseGeneratingAnnotationHandler.isInnerClass(BaseGeneratingAnnotationHandler.java:53)
	at org.androidannotations.handler.BaseGeneratingAnnotationHandler.validate(BaseGeneratingAnnotationHandler.java:40)
	at org.androidannotations.handler.EApplicationHandler.validate(EApplicationHandler.java:41)
	at org.androidannotations.handler.BaseAnnotationHandler.validate(BaseAnnotationHandler.java:114)
	at org.androidannotations.process.ModelValidator.validateThrowing(ModelValidator.java:79)
	at org.androidannotations.process.ModelValidator.validate(ModelValidator.java:66)
	at org.androidannotations.AndroidAnnotationProcessor.validateAnnotations(AndroidAnnotationProcessor.java:233)
	at org.androidannotations.AndroidAnnotationProcessor.processThrowing(AndroidAnnotationProcessor.java:182)
	at org.androidannotations.AndroidAnnotationProcessor.process(AndroidAnnotationProcessor.java:112)
	at com.sun.tools.javac.processing.JavacProcessingEnvironment.callProcessor(JavacProcessingEnvironment.java:793)
	at com.sun.tools.javac.processing.JavacProcessingEnvironment.discoverAndRunProcs(JavacProcessingEnvironment.java:722)
	at com.sun.tools.javac.processing.JavacProcessingEnvironment.access$1700(JavacProcessingEnvironment.java:97)
	at com.sun.tools.javac.processing.JavacProcessingEnvironment$Round.run(JavacProcessingEnvironment.java:1029)
	at com.sun.tools.javac.processing.JavacProcessingEnvironment.doProcessing(JavacProcessingEnvironment.java:1163)
	at com.sun.tools.javac.main.JavaCompiler.processAnnotations(JavaCompiler.java:1108)
	at com.sun.tools.javac.main.JavaCompiler.compile(JavaCompiler.java:824)
	at com.sun.tools.javac.main.Main.compile(Main.java:439)
	at com.sun.tools.javac.api.JavacTaskImpl.call(JavacTaskImpl.java:132)
	at org.gradle.api.internal.tasks.compile.JdkJavaCompiler.execute(JdkJavaCompiler.java:45)
	at org.gradle.api.internal.tasks.compile.JdkJavaCompiler.execute(JdkJavaCompiler.java:33)
	at org.gradle.api.internal.tasks.compile.NormalizingJavaCompiler.delegateAndHandleErrors(NormalizingJavaCompiler.java:101)
	at org.gradle.api.internal.tasks.compile.NormalizingJavaCompiler.execute(NormalizingJavaCompiler.java:50)
	at org.gradle.api.internal.tasks.compile.NormalizingJavaCompiler.execute(NormalizingJavaCompiler.java:36)
	at org.gradle.api.internal.tasks.compile.CleaningJavaCompilerSupport.execute(CleaningJavaCompilerSupport.java:34)
	at org.gradle.api.internal.tasks.compile.CleaningJavaCompilerSupport.execute(CleaningJavaCompilerSupport.java:25)
	at org.gradle.api.tasks.compile.JavaCompile.performCompilation(JavaCompile.java:157)
	at org.gradle.api.tasks.compile.JavaCompile.compile(JavaCompile.java:139)
	at org.gradle.api.tasks.compile.JavaCompile.compile(JavaCompile.java:93)
	at com.android.build.gradle.tasks.factory.AndroidJavaCompile.compile(AndroidJavaCompile.java:49)
	at sun.reflect.NativeMethodAccessorImpl.invoke0(Native Method)
	at sun.reflect.NativeMethodAccessorImpl.invoke(NativeMethodAccessorImpl.java:57)
	at sun.reflect.DelegatingMethodAccessorImpl.invoke(DelegatingMethodAccessorImpl.java:43)
	at java.lang.reflect.Method.invoke(Method.java:606)
	at org.gradle.internal.reflect.JavaMethod.invoke(JavaMethod.java:75)
	at org.gradle.api.internal.project.taskfactory.AnnotationProcessingTaskFactory$IncrementalTaskAction.doExecute(AnnotationProcessingTaskFactory.java:244)
	at org.gradle.api.internal.project.taskfactory.AnnotationProcessingTaskFactory$StandardTaskAction.execute(AnnotationProcessingTaskFactory.java:220)
	at org.gradle.api.internal.project.taskfactory.AnnotationProcessingTaskFactory$IncrementalTaskAction.execute(AnnotationProcessingTaskFactory.java:231)
	at org.gradle.api.internal.project.taskfactory.AnnotationProcessingTaskFactory$StandardTaskAction.execute(AnnotationProcessingTaskFactory.java:209)
	at org.gradle.api.internal.tasks.execution.ExecuteActionsTaskExecuter.executeAction(ExecuteActionsTaskExecuter.java:80)
	at org.gradle.api.internal.tasks.execution.ExecuteActionsTaskExecuter.executeActions(ExecuteActionsTaskExecuter.java:61)
	at org.gradle.api.internal.tasks.execution.ExecuteActionsTaskExecuter.execute(ExecuteActionsTaskExecuter.java:46)
	at org.gradle.api.internal.tasks.execution.PostExecutionAnalysisTaskExecuter.execute(PostExecutionAnalysisTaskExecuter.java:35)
	at org.gradle.api.internal.tasks.execution.SkipUpToDateTaskExecuter.execute(SkipUpToDateTaskExecuter.java:64)
	at org.gradle.api.internal.tasks.execution.ValidatingTaskExecuter.execute(ValidatingTaskExecuter.java:58)
	at org.gradle.api.internal.tasks.execution.SkipEmptySourceFilesTaskExecuter.execute(SkipEmptySourceFilesTaskExecuter.java:52)
	at org.gradle.api.internal.tasks.execution.SkipTaskWithNoActionsExecuter.execute(SkipTaskWithNoActionsExecuter.java:52)
	at org.gradle.api.internal.tasks.execution.SkipOnlyIfTaskExecuter.execute(SkipOnlyIfTaskExecuter.java:53)
	at org.gradle.api.internal.tasks.execution.ExecuteAtMostOnceTaskExecuter.execute(ExecuteAtMostOnceTaskExecuter.java:43)
	at org.gradle.execution.taskgraph.DefaultTaskGraphExecuter$EventFiringTaskWorker.execute(DefaultTaskGraphExecuter.java:203)
	at org.gradle.execution.taskgraph.DefaultTaskGraphExecuter$EventFiringTaskWorker.execute(DefaultTaskGraphExecuter.java:185)
	at org.gradle.execution.taskgraph.AbstractTaskPlanExecutor$TaskExecutorWorker.processTask(AbstractTaskPlanExecutor.java:66)
	at org.gradle.execution.taskgraph.AbstractTaskPlanExecutor$TaskExecutorWorker.run(AbstractTaskPlanExecutor.java:50)
	at org.gradle.internal.concurrent.ExecutorPolicy$CatchAndRecordFailures.onExecute(ExecutorPolicy.java:54)
	at org.gradle.internal.concurrent.StoppableExecutorImpl$1.run(StoppableExecutorImpl.java:40)
	at java.util.concurrent.ThreadPoolExecutor.runWorker(ThreadPoolExecutor.java:1145)
	at java.util.concurrent.ThreadPoolExecutor$Worker.run(ThreadPoolExecutor.java:615)
	at java.lang.Thread.run(Thread.java:745)
Thrown from: qfpay.wxshop.app.dependencies.RepositoryModule
Element (MethodSymbol): 
@Provides
@Named
java.lang.String provideSessionId();


18:51:41.213 [Task worker Thread 2] INFO  o.a.p.TimeStats:81 - Time measurements: [Whole Processing = 807 ms], [Extract Manifest = 202 ms], [Extract Annotations = 195 ms], [Find R Classes = 57 ms], 
18:51:41.213 [Task worker Thread 2] INFO  o.a.AndroidAnnotationProcessor:121 - Finish processing
